<?xml version="1.0" encoding="UTF-8"?>
<!-- Generated by org.testng.reporters.JUnitReportReporter -->
<testsuite hostname="Manik" failures="0" tests="1" name="APITesting.com.org.api.Youtube_Videos" time="18.108" errors="0" timestamp="2020-06-21T01:14:53 IST" skipped="0">
  <testcase classname="APITesting.com.org.api.Youtube_Videos" name="Youtubevideos" time="18.108"/>
  <system-out/>
</testsuite> <!-- APITesting.com.org.api.Youtube_Videos -->
