<?xml version="1.0" encoding="UTF-8"?>
<!-- Generated by org.testng.reporters.JUnitReportReporter -->
<testsuite hostname="Manik" failures="0" tests="1" name="APITesting.com.org.api.Main_API" time="85.271" errors="0" timestamp="2020-06-21T01:28:35 IST" skipped="0">
  <testcase classname="APITesting.com.org.api.Main_API" name="API_Call" time="85.271"/>
  <system-out/>
</testsuite> <!-- APITesting.com.org.api.Main_API -->
