<?xml version="1.0" encoding="UTF-8"?>
<!-- Generated by org.testng.reporters.JUnitReportReporter -->
<testsuite hostname="Manik" failures="0" tests="1" name="APITesting.com.org.api.WheatherGetRequests" time="7.732" errors="0" timestamp="2020-06-08T02:36:46 IST" skipped="0">
  <testcase classname="APITesting.com.org.api.WheatherGetRequests" name="test_11" time="7.732"/>
  <system-out/>
</testsuite> <!-- APITesting.com.org.api.WheatherGetRequests -->
