<?xml version="1.0" encoding="UTF-8"?>
<!-- Generated by org.testng.reporters.JUnitReportReporter -->
<testsuite hostname="Manik" failures="0" tests="4" name="APITesting.com.org.api.Wheather_SMS" time="18.348" errors="0" timestamp="2020-06-15T03:06:57 IST" skipped="0">
  <testcase classname="APITesting.com.org.api.Wheather_SMS" name="Test_04" time="10.391"/>
  <system-out/>
  <testcase classname="APITesting.com.org.api.Wheather_SMS" name="test_03" time="0.763"/>
  <system-out/>
  <testcase classname="APITesting.com.org.api.Wheather_SMS" name="test_02" time="4.040"/>
  <system-out/>
  <testcase classname="APITesting.com.org.api.Wheather_SMS" name="test_01" time="3.154"/>
  <system-out/>
</testsuite> <!-- APITesting.com.org.api.Wheather_SMS -->
