<?xml version="1.0" encoding="UTF-8"?>
<!-- Generated by org.testng.reporters.JUnitReportReporter -->
<testsuite hostname="Manik" failures="0" tests="1" name="APITesting.com.org.api.Current_Weather" time="59.665" errors="0" timestamp="2020-06-19T17:55:32 IST" skipped="0">
  <testcase classname="APITesting.com.org.api.Current_Weather" name="Test_01" time="59.665"/>
  <system-out/>
</testsuite> <!-- APITesting.com.org.api.Current_Weather -->
